Loading FM-index of flexbar_sga.fastq.gz
findSingleCopyPeak -- KmerDistribution:
Kmer coverage histogram
cov	count
1	2273606
2	234426
3	69637
4	40813
5	33130
6	31657
7	31773
8	33145
9	32799
10	32795
11	30813
12	28859
13	25193
14	23242
15	21332
16	19093
17	17982
18	17135
19	15367
20	15097
21	14608
22	14639
23	12537
24	10960
25	10377
26	8922
27	8316
28	7357
29	6558
30	5867
31	5910
32	5899
33	5092
34	5171
35	5202
36	4820
37	4498
38	4506
39	4230
40	4180
41	4376
42	4225
43	4544
44	4403
45	4761
46	5005
47	4696
48	4747
49	4811
50	5010
51	4653
52	4265
53	4695
54	4380
55	4223
56	3709
57	3513
58	3309
59	2846
60	2726
61	2806
62	2602
63	2276
64	2226
65	1846
66	2051
67	1826
68	1456
69	1292
70	1482
71	1346
72	944
73	1164
74	979
75	723
76	961
77	860
78	788
79	778
80	677
81	737
82	617
83	559
84	398
85	407
86	268
87	256
88	408
89	276
90	343
91	289
92	325
93	352
94	293
95	353
96	395
97	429
98	339
99	350
100	374
101	379
102	327
103	334
104	339
105	341
106	241
107	224
108	349
109	351
110	384
111	258
112	552
113	493
114	241
115	212
116	285
117	278
118	296
119	322
120	218
121	160
122	148
123	180
124	205
125	216
126	141
127	146
128	126
129	200
130	202
131	205
132	200
133	77
134	251
135	143
136	176
137	161
138	115
139	221
140	68
141	111
142	63
143	42
144	48
145	44
146	51
147	66
148	71
149	43
150	46
151	25
153	26
154	53
155	29
156	115
157	26
158	53
159	55
160	27
161	108
162	52
163	104
164	46
165	51
167	43
168	60
169	51
170	60
171	66
172	120
173	138
174	73
175	82
176	102
177	29
178	258
179	190
180	227
181	210
182	159
183	130
184	173
185	190
186	167
187	110
188	72
189	30
190	100
191	29
192	62
193	89
194	56
195	61
196	29
197	89
198	175
199	60
200	125
202	117
203	28
204	104
205	67
206	97
207	174
208	89
209	91
211	52
212	71
213	74
214	65
215	87
216	54
217	22
218	118
219	32
220	98
221	98
222	63
223	174
224	99
225	99
226	113
227	78
228	103
229	33
231	109
232	70
235	42
238	43
239	30
240	43
241	30
245	44
246	35
248	98
249	84
251	189
252	35
253	133
254	90
255	114
258	47
265	38
266	78
267	76
268	122
269	41
272	40
277	49
284	33
287	36
294	35
295	34
296	32
297	140
298	66
303	57
310	55
325	55
326	53
330	54
365	130
378	66
379	66
412	74
415	76
416	76
420	73
422	75
430	78
432	78
435	76
436	79
437	74
438	78
442	76
444	78
445	78
446	76
447	157
448	77
449	76
451	140
452	79
453	79
454	69
455	150
456	77
460	77
461	162
463	82
467	158
470	81
479	81
481	83
483	81
485	85
486	79
488	83
491	79
508	86
509	89
510	84
514	86
518	86
522	173
525	81
526	173
534	84
544	86
546	90
549	91
551	91
588	102
610	107
613	96
616	97
617	211
619	309
620	98
621	98
622	109
623	110
624	210
628	102
629	59
631	206
634	111
635	111
637	102
638	102
639	103
641	109
642	62
644	99
647	217
648	112
654	211
667	111
669	220
681	111
683	115
687	104
694	108
696	104
703	106
705	105
707	220
708	114
709	114
710	452
713	116
716	116
719	121
720	121
721	236
724	231
725	117
727	121
729	254
730	118
736	238
737	123
738	135
739	368
746	138
747	121
751	137
753	136
756	257
758	125
768	127
2229	304
>10000	0
Local min: 6
Global peak: 8
findSingleCopyPeak -- KmerDistribution:
Kmer coverage histogram
cov	count
1	2313186
2	304677
3	97169
4	55235
5	41164
6	36472
7	34830
8	34668
9	36997
10	38343
11	37601
12	36357
13	33902
14	30879
15	27289
16	25434
17	22371
18	21568
19	20445
20	19943
21	19315
22	18553
23	17813
24	17464
25	16441
26	15625
27	15513
28	13613
29	12271
30	10909
31	10018
32	10237
33	8727
34	8389
35	7883
36	7181
37	7912
38	6945
39	6727
40	6740
41	6791
42	6496
43	6669
44	6565
45	6448
46	6134
47	6372
48	6322
49	6397
50	6055
51	6078
52	6199
53	6441
54	6254
55	6237
56	6191
57	6688
58	6429
59	7003
60	6617
61	6997
62	6288
63	6118
64	5755
65	5487
66	5126
67	5449
68	5318
69	4897
70	4672
71	4204
72	4247
73	4596
74	3813
75	3419
76	3636
77	3211
78	2996
79	2564
80	2559
81	2379
82	2382
83	2248
84	2169
85	1997
86	1740
87	1718
88	1810
89	1682
90	1175
91	1275
92	1308
93	1133
94	1245
95	830
96	877
97	902
98	734
99	817
100	894
101	740
102	1000
103	913
104	752
105	842
106	839
107	762
108	771
109	763
110	744
111	613
112	747
113	585
114	567
115	531
116	630
117	788
118	689
119	798
120	598
121	524
122	518
123	473
124	583
125	846
126	530
127	671
128	668
129	345
130	634
131	479
132	478
133	447
134	464
135	383
136	435
137	335
138	344
139	322
140	444
141	333
142	424
143	441
144	371
145	585
146	336
147	379
148	344
149	325
150	184
151	556
152	536
153	449
154	455
155	581
156	309
157	392
158	445
159	372
160	258
161	405
162	797
163	482
164	470
165	516
166	437
167	364
168	365
169	232
170	286
171	296
172	181
173	261
174	270
175	248
176	269
177	316
178	331
179	174
180	348
181	395
182	430
183	316
184	221
185	565
186	309
187	281
188	122
189	282
190	212
191	158
192	214
193	247
194	152
195	178
196	121
197	182
198	114
199	161
200	165
201	104
202	32
203	84
204	200
205	176
206	96
207	85
209	65
210	95
211	114
212	219
213	86
214	121
215	153
216	337
217	61
218	260
219	168
220	127
221	66
222	74
223	187
224	285
225	147
226	279
227	238
228	106
229	211
230	238
231	368
232	165
233	232
234	268
235	177
236	133
237	192
238	69
239	248
240	120
241	104
242	113
243	375
244	113
245	32
246	65
247	38
248	106
249	35
250	104
251	117
252	163
253	232
254	69
255	115
256	78
257	197
258	356
259	85
260	217
261	277
262	228
263	35
264	76
265	207
266	221
267	120
268	344
269	125
270	184
271	148
272	185
273	123
274	158
275	115
276	48
277	180
278	374
279	169
280	139
281	102
282	174
283	85
286	78
287	79
288	39
289	46
290	41
291	70
292	129
293	131
294	83
295	126
296	129
297	42
298	40
299	43
300	91
301	96
303	48
304	215
305	181
306	181
307	99
308	61
309	93
310	80
311	198
312	74
313	49
314	46
315	50
316	44
318	97
319	56
321	43
326	93
327	115
328	54
329	61
330	53
331	60
332	161
333	151
334	44
335	59
339	59
340	50
342	54
350	56
351	57
356	60
357	75
362	55
363	54
365	55
368	49
371	67
372	70
373	113
380	63
383	63
384	124
388	78
391	68
393	60
398	60
399	215
400	136
401	207
403	64
404	200
405	63
407	67
409	141
410	67
411	68
423	68
424	75
426	69
427	70
430	69
433	235
436	80
437	79
438	83
441	71
444	85
458	73
460	74
461	76
467	74
470	142
471	249
472	90
473	89
480	91
482	92
497	82
506	76
528	88
531	84
535	103
537	166
540	85
547	88
555	89
565	110
569	92
580	80
581	80
583	94
584	158
587	98
591	92
595	92
603	104
604	92
605	101
606	143
610	207
612	107
613	138
616	84
626	89
627	89
630	115
632	107
634	115
636	107
647	116
648	90
649	220
653	89
655	230
656	86
657	115
660	326
662	121
665	298
673	113
675	103
697	101
701	111
705	221
708	113
709	108
710	110
712	109
713	109
715	110
719	116
723	110
738	109
746	111
751	111
764	111
769	221
778	117
803	140
804	125
806	141
808	127
811	130
812	131
813	130
814	131
816	272
817	273
818	273
819	286
821	144
822	146
823	130
825	148
826	130
827	278
829	131
832	122
833	148
836	131
839	278
840	128
841	273
842	129
845	118
846	128
847	123
851	132
852	124
853	123
855	263
858	131
860	130
862	129
878	138
882	271
886	133
891	136
900	139
902	141
904	141
909	138
914	138
915	288
916	144
919	141
923	142
925	141
926	250
927	162
928	144
929	425
931	130
932	126
936	127
938	145
944	143
949	146
953	146
954	151
955	148
976	151
998	153
2071	275
2076	281
4137	628
>10000	0
Local min: 8
Global peak: 10
findSingleCopyPeak -- KmerDistribution:
Kmer coverage histogram
cov	count
1	2326019
2	267261
3	82098
4	47386
5	36417
6	34072
7	33353
8	34900
9	35884
10	35651
11	34640
12	32408
13	29098
14	25865
15	24811
16	23390
17	20931
18	19892
19	18532
20	18458
21	16398
22	16591
23	15307
24	14205
25	13725
26	12111
27	11531
28	10435
29	9462
30	8464
31	7887
32	7477
33	6853
34	6320
35	6105
36	5844
37	5541
38	5802
39	5422
40	5285
41	5873
42	5103
43	4950
44	4710
45	4959
46	5072
47	4761
48	4986
49	5368
50	5628
51	5494
52	5196
53	5380
54	5199
55	5535
56	5327
57	5174
58	5082
59	4395
60	4222
61	4379
62	4118
63	4212
64	4145
65	3341
66	3626
67	2733
68	2530
69	2435
70	2269
71	2135
72	2130
73	2147
74	1861
75	1893
76	1572
77	1611
78	1594
79	1415
80	1201
81	1276
82	1103
83	985
84	764
85	1214
86	967
87	914
88	837
89	756
90	658
91	636
92	823
93	634
94	622
95	587
96	528
97	522
98	380
99	389
100	416
101	502
102	514
103	425
104	348
105	390
106	501
107	530
108	468
109	448
110	413
111	522
112	584
113	409
114	479
115	355
116	478
117	493
118	394
119	307
120	243
121	344
122	368
123	328
124	594
125	368
126	184
127	291
128	360
129	349
130	317
131	270
132	260
133	277
134	341
135	203
136	355
137	320
138	236
139	349
140	315
141	298
142	208
143	454
144	177
145	358
146	288
147	363
148	471
149	326
150	285
151	109
152	215
153	185
154	213
155	302
156	121
157	252
158	194
159	113
160	79
161	204
162	72
163	112
164	87
165	109
166	165
167	28
168	44
169	125
170	115
171	44
172	94
173	122
174	51
175	19
176	73
177	82
178	39
179	40
180	43
181	118
182	63
183	70
184	90
185	79
186	187
187	110
188	81
189	71
190	193
191	57
192	24
193	84
194	138
195	63
196	139
197	210
198	119
199	85
200	62
201	110
202	163
203	224
204	141
205	127
206	108
207	109
208	116
209	109
210	121
211	28
212	105
213	117
214	185
215	167
216	214
217	86
218	113
219	37
220	163
221	64
222	80
223	221
224	91
225	62
226	34
227	89
228	90
229	180
230	112
231	116
232	271
233	69
234	103
235	94
236	122
237	64
238	130
239	77
240	176
241	91
242	180
243	171
244	76
245	134
246	125
247	72
248	73
249	68
251	34
252	37
253	119
254	43
255	76
256	44
257	98
258	44
259	32
262	160
265	83
266	45
267	52
268	118
269	99
270	38
272	101
273	44
274	85
276	46
278	75
279	47
280	121
282	82
284	35
285	37
287	82
288	48
289	87
290	89
291	80
295	51
304	54
308	51
316	46
323	87
328	51
329	51
333	46
340	50
341	52
342	114
346	41
349	104
350	57
351	54
352	53
353	118
356	50
358	102
360	107
362	175
364	126
367	133
370	65
375	60
381	51
388	51
395	72
396	72
406	73
407	73
435	165
437	80
445	84
447	85
486	88
487	85
489	61
490	88
492	148
495	90
498	89
499	96
500	91
506	96
507	87
508	95
511	96
515	90
516	90
523	93
526	99
530	99
531	171
532	101
534	101
535	71
539	99
542	97
550	99
561	66
562	100
563	90
568	245
569	66
571	71
582	102
583	101
584	79
585	205
589	79
601	82
603	188
605	108
607	84
608	84
613	111
616	102
620	84
630	92
640	83
645	98
650	100
657	204
669	102
672	103
673	99
674	98
676	101
678	101
685	89
687	91
689	93
692	92
693	108
694	93
696	95
704	97
705	92
706	195
708	96
714	98
726	121
727	118
728	120
734	117
737	112
738	119
741	104
745	112
748	207
749	105
750	120
755	227
757	123
759	126
762	127
763	324
764	106
766	218
767	107
768	219
769	222
771	124
772	129
773	109
781	109
788	221
789	224
790	114
792	116
793	113
796	115
804	115
817	251
822	123
824	128
825	123
826	146
827	289
832	133
833	144
835	272
839	129
841	124
846	123
847	149
848	148
852	123
853	126
862	128
864	129
1155	166
1188	171
2982	157
3016	156
>10000	0
Local min: 7
Global peak: 9
findSingleCopyPeak -- KmerDistribution:
Kmer coverage histogram
cov	count
1	2266148
2	233734
3	70735
4	41741
5	32986
6	31032
7	31685
8	33266
9	33446
10	32146
11	29677
12	28228
13	25431
14	24129
15	21889
16	20004
17	19030
18	18394
19	16020
20	15879
21	15547
22	15308
23	13250
24	11746
25	10804
26	9230
27	8286
28	7512
29	6498
30	5999
31	5840
32	5847
33	5135
34	5196
35	5267
36	5002
37	4888
38	4846
39	4476
40	4287
41	4426
42	4412
43	4515
44	4697
45	4835
46	5271
47	4985
48	4928
49	4920
50	5058
51	4693
52	4360
53	4796
54	4512
55	4455
56	3811
57	3636
58	3202
59	2788
60	2668
61	2786
62	2725
63	2414
64	2275
65	1929
66	2155
67	1718
68	1637
69	1372
70	1575
71	1546
72	1174
73	1341
74	1049
75	820
76	978
77	929
78	786
79	766
80	675
81	755
82	605
83	608
84	423
85	446
86	305
87	290
88	437
89	314
90	359
91	316
92	325
93	443
94	302
95	383
96	390
97	464
98	357
99	374
100	413
101	373
102	359
103	334
104	358
105	397
106	240
107	213
108	356
109	360
110	391
111	241
112	506
113	438
114	244
115	223
116	257
117	236
118	273
119	299
120	236
121	153
122	151
123	183
124	227
125	248
126	166
127	162
128	150
129	200
130	234
131	166
132	186
133	54
134	180
135	132
136	158
137	136
138	108
139	215
140	56
141	95
142	59
143	46
144	52
145	43
146	34
147	68
148	68
149	41
150	48
151	20
153	20
154	42
155	22
156	108
157	26
158	49
159	44
160	27
161	109
162	51
163	99
164	46
165	56
167	51
168	65
169	60
170	54
171	68
172	121
173	170
174	73
175	77
176	100
177	21
178	222
179	177
180	221
181	207
182	181
183	125
184	186
185	204
186	166
187	106
188	86
189	24
190	106
191	32
192	68
193	100
194	62
195	78
196	38
197	89
198	203
199	54
200	124
202	108
203	35
204	99
205	65
206	94
207	209
208	98
209	118
211	59
212	86
213	98
214	72
215	108
216	71
217	34
218	131
219	31
220	103
221	118
222	72
223	161
224	105
225	114
226	105
227	69
228	103
229	39
231	95
232	60
235	29
238	40
239	41
240	39
241	41
245	39
246	40
248	68
249	81
251	141
252	43
253	117
254	76
255	115
258	42
265	44
266	84
267	84
268	128
269	40
272	41
277	38
284	41
287	46
294	42
295	47
296	47
297	121
298	88
303	42
310	43
325	47
326	44
330	46
365	89
378	47
379	45
412	50
415	51
416	51
420	50
422	51
430	58
432	58
435	72
436	58
437	74
438	58
442	74
444	77
445	56
446	77
447	115
448	75
449	58
451	142
452	78
453	56
454	71
455	148
456	72
460	74
461	154
463	80
467	150
470	64
479	66
481	65
483	71
485	75
486	76
488	72
491	78
508	78
509	70
510	78
514	76
518	78
522	158
525	79
526	164
534	84
544	85
546	84
549	86
551	85
588	92
610	99
613	90
616	96
617	188
619	284
620	90
621	90
622	97
623	93
624	199
628	99
629	98
631	187
634	98
635	95
637	103
638	103
639	103
641	94
642	97
644	96
647	190
648	96
654	193
667	92
669	183
681	92
683	97
687	108
694	110
696	108
703	107
705	108
707	212
708	101
709	103
710	413
713	103
716	103
719	104
720	106
721	209
724	214
725	104
727	105
729	168
730	107
736	216
737	106
738	65
739	289
746	63
747	115
751	64
753	64
756	181
758	109
768	110
2229	635
>10000	0
Local min: 6
Global peak: 9
findSingleCopyPeak -- KmerDistribution:
Kmer coverage histogram
cov	count
1	2174754
2	205229
3	60382
4	35362
5	30025
6	29837
7	31437
8	32638
9	31414
10	29668
11	28113
12	26121
13	23673
14	21676
15	19772
16	17825
17	16687
18	15087
19	14574
20	14195
21	13452
22	12039
23	9692
24	8842
25	7796
26	6614
27	5876
28	5222
29	5238
30	5294
31	5123
32	4383
33	4242
34	3837
35	4059
36	4072
37	3809
38	3837
39	3726
40	3899
41	4146
42	4135
43	4161
44	3924
45	3766
46	4301
47	3919
48	3865
49	3635
50	3551
51	3342
52	3447
53	3206
54	2702
55	2642
56	2642
57	2388
58	2196
59	2163
60	1860
61	1664
62	1695
63	1031
64	1117
65	1041
66	640
67	927
68	827
69	674
70	626
71	449
72	512
73	635
74	455
75	740
76	762
77	565
78	438
79	396
80	379
81	278
82	368
83	295
84	314
85	334
86	181
87	355
88	230
89	335
90	211
91	254
92	304
93	264
94	247
95	179
96	237
97	279
98	345
99	297
100	225
101	266
102	224
103	156
104	168
105	155
106	258
107	120
108	163
109	107
110	61
111	76
112	36
113	98
114	124
115	189
116	115
117	180
118	114
119	72
120	113
121	89
122	65
123	83
124	65
125	57
126	73
127	42
128	47
129	19
130	63
131	19
133	36
134	23
135	42
136	86
138	28
139	22
141	75
142	25
143	34
144	64
145	64
146	71
147	85
148	45
149	24
150	15
151	90
152	85
153	41
154	40
155	41
156	74
157	45
158	99
159	107
160	194
161	108
162	103
163	206
164	143
165	25
166	90
167	33
168	102
169	46
170	104
171	95
172	95
173	42
174	48
175	48
176	49
177	23
178	56
179	181
180	108
181	96
182	81
183	23
184	71
186	111
187	23
188	136
189	72
190	69
191	125
194	19
195	32
196	33
198	87
199	94
200	65
201	71
202	87
203	20
204	56
205	170
206	60
207	56
208	58
209	82
211	33
212	27
217	30
218	30
224	29
226	75
227	114
230	105
231	29
234	71
235	79
236	103
237	40
239	41
240	34
241	42
243	31
248	31
249	31
251	35
252	66
253	99
254	67
257	66
267	35
271	35
278	46
283	51
285	51
300	31
306	30
326	60
343	62
349	50
351	49
355	51
356	51
362	56
363	57
366	59
367	42
370	60
371	44
372	55
373	56
375	45
379	46
385	46
389	54
392	47
394	66
395	66
396	95
398	102
400	46
404	133
413	55
414	54
415	58
416	110
418	57
419	59
420	51
421	56
422	55
426	120
432	57
435	120
437	61
441	59
446	127
449	64
469	66
472	67
474	70
486	66
488	81
489	68
491	83
496	86
503	73
509	73
524	78
530	79
545	85
553	84
554	91
563	81
565	263
566	178
567	167
569	178
570	257
571	92
572	85
575	94
576	87
577	83
578	189
579	81
581	85
583	85
585	94
588	170
590	89
592	97
602	97
622	88
632	93
634	93
638	97
647	98
648	120
655	100
658	231
659	227
660	99
661	105
662	458
664	100
665	231
666	328
667	102
668	105
670	210
671	211
673	106
678	109
1678	99
1710	99
>10000	0
Local min: 6
Global peak: 8
findSingleCopyPeak -- KmerDistribution:
Kmer coverage histogram
cov	count
1	2083056
2	167779
3	49254
4	33493
5	29161
6	30339
7	30754
8	30352
9	27477
10	26159
11	23126
12	21659
13	18782
14	17540
15	15706
16	14294
17	14138
18	13245
19	12059
20	11632
21	9672
22	8303
23	7368
24	6093
25	5303
26	4984
27	4933
28	4669
29	4120
30	4108
31	3880
32	4215
33	3423
34	3640
35	3434
36	3827
37	3326
38	3619
39	3627
40	3453
41	3934
42	3826
43	3805
44	3528
45	3786
46	3264
47	2911
48	2922
49	2936
50	2464
51	2481
52	2255
53	1799
54	1856
55	1710
56	1565
57	1254
58	830
59	797
60	640
61	691
62	665
63	584
64	582
65	478
66	632
67	546
68	428
69	498
70	362
71	452
72	461
73	334
74	228
75	199
76	307
77	227
78	247
79	196
80	193
81	233
82	174
83	241
84	269
85	194
86	156
87	114
88	61
89	150
90	188
91	228
92	150
93	73
94	106
95	108
96	83
97	84
98	75
99	118
100	72
101	125
102	74
103	109
104	82
105	161
106	54
107	138
108	60
109	49
110	33
112	70
113	49
114	103
115	33
116	34
117	70
118	51
119	17
120	40
121	75
122	21
123	61
124	73
125	33
126	55
127	38
128	38
129	19
130	21
131	25
132	51
133	12
134	26
135	42
136	36
137	67
138	94
139	27
140	18
141	155
142	122
143	47
144	49
145	104
146	20
147	46
148	94
149	86
150	112
151	53
152	116
153	52
154	115
155	85
156	46
157	54
158	136
159	17
160	151
161	102
162	211
163	48
164	78
165	74
167	48
170	23
172	23
173	62
175	24
176	86
177	73
178	32
179	24
180	47
181	33
182	19
183	86
184	111
185	56
186	53
187	23
189	82
190	134
191	68
192	29
193	120
195	57
196	23
197	33
201	33
207	24
208	24
209	24
211	24
212	26
214	30
215	23
217	29
219	51
220	26
221	28
222	52
223	25
224	25
227	31
232	32
233	31
235	28
236	62
237	54
238	52
239	62
241	89
246	27
247	36
250	29
286	40
288	33
304	45
318	55
326	52
328	56
330	109
332	42
333	42
334	53
336	51
337	53
338	55
339	98
343	44
344	110
353	50
355	50
357	58
359	50
360	52
361	53
375	139
378	76
379	66
380	68
381	122
385	217
388	57
389	72
399	80
402	78
405	76
410	59
443	55
444	55
453	55
470	69
472	196
474	67
475	81
479	67
480	70
484	81
486	69
492	82
497	74
498	72
502	237
504	67
505	86
506	155
508	86
510	85
511	87
514	71
519	91
520	159
521	87
523	86
524	90
525	88
527	91
529	166
530	89
532	89
533	88
573	138
576	143
577	142
579	145
582	138
586	140
591	87
595	143
599	89
601	80
602	85
605	78
608	82
610	82
611	84
612	83
613	84
615	84
618	87
619	84
620	84
622	81
626	80
1310	187
>10000	0
Local min: 5
Global peak: 7
findSingleCopyPeak -- KmerDistribution:
Kmer coverage histogram
cov	count
1	1949500
2	146859
3	44966
4	31564
5	29715
6	29668
7	29017
8	28519
9	24675
10	24080
11	21013
12	18465
13	15894
14	14087
15	12660
16	12157
17	11055
18	9986
19	8993
20	7677
21	6387
22	5508
23	4744
24	4500
25	3990
26	3505
27	3647
28	3240
29	3038
30	3347
31	3355
32	3128
33	3076
34	2885
35	2997
36	2870
37	2832
38	3211
39	3324
40	3141
41	3124
42	2920
43	2708
44	2619
45	2475
46	2450
47	2103
48	1981
49	1626
50	1398
51	1308
52	1090
53	1028
54	696
55	682
56	608
57	475
58	591
59	699
60	533
61	612
62	296
63	462
64	381
65	393
66	294
67	292
68	301
69	152
70	203
71	222
72	322
73	195
74	187
75	215
76	91
77	86
78	146
79	73
80	96
81	107
82	97
83	107
84	32
85	73
86	50
87	34
88	204
89	133
90	97
91	123
92	72
93	22
94	65
95	71
96	65
97	64
98	49
99	77
100	13
101	43
102	54
103	46
104	30
105	62
106	17
107	26
108	44
109	30
110	32
112	34
114	68
115	40
116	55
117	35
118	21
119	13
120	65
121	84
122	129
123	65
124	92
125	59
126	13
127	43
128	122
129	103
130	118
131	73
132	87
133	49
134	108
135	90
136	28
137	30
138	9
139	9
141	38
142	22
143	44
144	43
145	70
146	119
147	22
148	83
149	49
150	69
151	11
152	74
153	23
154	63
155	38
156	19
157	20
158	143
160	53
161	46
163	27
166	36
168	55
169	150
170	108
171	109
172	22
173	36
174	178
175	58
176	74
177	18
178	75
180	55
182	70
183	33
187	31
188	25
189	57
190	21
192	31
193	36
194	58
195	56
196	62
197	33
200	22
201	32
202	22
203	23
212	30
213	70
217	89
218	60
219	31
220	73
232	29
275	48
276	50
283	49
287	35
288	36
290	51
291	35
295	35
297	50
298	51
300	51
302	51
303	53
309	53
319	53
323	56
324	43
326	100
329	44
339	44
340	43
344	42
346	47
347	46
348	45
350	48
354	46
373	51
374	40
379	41
405	45
406	41
407	54
409	54
415	55
420	55
424	55
425	103
428	56
430	196
440	105
441	56
443	58
444	52
446	106
448	53
449	57
451	121
453	123
455	57
456	62
457	62
460	62
461	59
462	121
472	58
479	69
480	59
487	60
499	57
501	57
502	57
504	58
516	60
518	60
519	61
549	134
551	68
553	65
555	69
556	68
559	68
562	68
564	135
567	69
992	85
1020	91
>10000	0
Local min: 26
Global peak: 27
findSingleCopyPeak -- KmerDistribution:
Kmer coverage histogram
cov	count
1	1800175
2	125236
3	38247
4	29317
5	27714
6	27683
7	27587
8	25891
9	22851
10	20469
11	18147
12	15410
13	13520
14	12340
15	11089
16	10297
17	9076
18	7596
19	5919
20	5312
21	4615
22	4001
23	3643
24	3208
25	2979
26	2806
27	2854
28	2888
29	3299
30	2885
31	3121
32	2954
33	3086
34	2847
35	2786
36	2859
37	2758
38	2778
39	2817
40	2651
41	2345
42	1812
43	1879
44	1809
45	1246
46	1094
47	928
48	793
49	831
50	829
51	728
52	540
53	510
54	580
55	499
56	417
57	558
58	326
59	288
60	156
61	135
62	192
63	179
64	161
65	173
66	196
67	159
68	156
69	107
70	73
71	109
72	48
73	57
74	78
75	16
76	64
77	50
78	45
79	81
80	144
81	123
82	87
83	70
84	85
85	54
86	35
88	41
89	110
90	88
91	72
92	28
93	11
94	35
96	27
97	70
98	29
99	60
100	26
101	16
103	40
104	68
105	52
106	56
107	109
108	80
109	61
110	49
111	70
112	50
113	39
114	91
115	41
116	63
117	113
118	50
119	64
120	89
121	42
122	18
124	60
125	62
126	40
127	14
128	52
129	88
130	84
131	19
132	53
133	30
134	15
135	49
136	54
137	10
138	87
139	18
140	30
142	71
143	11
144	26
146	34
147	49
148	35
149	33
150	20
151	25
152	19
154	19
156	66
158	68
159	25
160	36
161	87
162	40
163	48
164	22
165	45
166	24
167	25
168	70
169	52
170	42
171	51
172	25
173	81
174	44
175	53
178	27
182	32
191	28
239	37
242	38
245	73
248	42
249	41
251	76
259	75
263	39
272	38
286	43
289	42
290	42
298	92
299	88
308	42
310	46
312	46
317	47
324	42
327	46
328	44
336	49
339	42
354	43
358	45
365	93
366	90
368	45
370	43
373	45
375	47
377	95
397	104
398	106
401	101
402	104
403	53
406	104
407	207
408	98
409	52
410	54
411	95
412	53
414	55
427	101
434	101
438	158
439	203
441	99
443	99
494	129
502	70
505	70
506	67
516	67
765	121
>10000	0
Local min: 26
Global peak: 29
findSingleCopyPeak -- KmerDistribution:
Kmer coverage histogram
cov	count
1	1653332
2	102417
3	32983
4	26434
5	25558
6	25245
7	23662
8	21155
9	18444
10	15923
11	13770
12	12296
13	10520
14	9308
15	8315
16	6849
17	6022
18	5183
19	4353
20	3882
21	3216
22	2996
23	3052
24	2977
25	2883
26	2863
27	2919
28	2752
29	2756
30	2659
31	2744
32	2663
33	2777
34	2926
35	2693
36	2446
37	2381
38	1934
39	1810
40	1444
41	1093
42	895
43	843
44	713
45	640
46	671
47	780
48	552
49	541
50	387
51	296
52	331
53	272
54	254
55	167
56	205
57	99
58	113
59	118
60	78
61	98
62	125
63	132
64	110
65	63
66	125
67	42
68	76
69	129
70	160
71	67
72	153
73	32
74	72
75	75
76	90
77	90
78	48
79	27
80	51
81	90
82	42
83	27
84	74
85	104
87	12
88	24
89	73
90	39
91	75
93	77
94	122
95	20
96	37
97	113
98	93
99	64
100	68
101	72
102	76
103	16
104	125
105	61
106	32
107	64
108	51
109	28
111	53
112	38
113	59
114	40
115	130
116	96
117	113
118	108
119	122
122	17
126	22
127	45
128	44
129	23
130	40
131	47
132	21
134	46
135	33
138	48
139	13
141	63
143	24
144	24
145	24
147	43
148	56
149	42
150	23
151	52
152	52
153	18
154	47
159	28
162	29
165	29
213	27
215	27
218	66
219	37
222	37
223	28
254	33
258	32
259	34
261	35
262	65
264	34
265	66
270	34
271	33
277	38
300	43
301	50
302	45
304	42
307	50
308	45
310	45
312	97
314	43
316	44
319	44
325	92
327	46
346	56
350	53
351	53
356	49
357	102
359	54
360	104
363	173
364	58
366	44
367	45
368	199
369	90
370	109
371	55
372	46
373	99
375	52
377	99
382	49
388	52
442	64
560	44
582	45
>10000	0
Local min: 22
Global peak: 23
findSingleCopyPeak -- KmerDistribution:
Kmer coverage histogram
cov	count
1	1486102
2	83454
3	30335
4	25527
5	24450
6	23306
7	21490
8	18006
9	14826
10	12955
11	11504
12	9565
13	7976
14	6800
15	5724
16	4996
17	4302
18	3286
19	3503
20	3096
21	3041
22	2901
23	2528
24	2806
25	2766
26	2565
27	2525
28	2403
29	2273
30	2459
31	2310
32	2035
33	2048
34	1740
35	1501
36	1196
37	830
38	639
39	603
40	474
41	501
42	463
43	407
44	487
45	344
46	303
47	235
48	177
49	154
50	150
51	53
52	59
53	115
54	114
55	66
56	133
57	137
58	80
59	126
60	17
61	99
62	24
63	34
64	33
65	86
66	81
67	78
68	60
69	53
70	28
71	77
72	21
73	43
74	14
75	36
76	9
77	39
78	50
79	13
80	42
81	24
82	27
83	66
84	53
85	62
86	68
87	102
88	59
89	107
90	45
91	62
92	61
93	94
94	56
96	76
97	20
98	78
99	46
101	39
102	40
103	35
104	57
106	67
107	36
108	86
109	37
110	52
111	21
112	23
114	17
116	25
117	58
119	92
120	17
121	17
125	23
127	22
129	33
130	22
131	39
132	24
134	25
136	18
139	36
140	26
141	18
144	26
145	48
148	23
190	33
193	31
194	31
195	31
212	40
218	42
220	41
223	39
226	42
227	40
228	162
230	43
233	41
248	44
251	43
260	45
261	50
262	49
263	90
265	94
266	49
267	98
269	48
272	50
274	48
277	49
282	49
292	48
298	46
306	72
307	71
310	125
311	122
315	72
316	107
319	55
320	182
321	73
323	108
324	56
327	114
329	109
334	57
335	56
337	58
412	52
>10000	0
Local min: 18
Global peak: 19
findSingleCopyPeak -- KmerDistribution:
Kmer coverage histogram
cov	count
1	1303119
2	68855
3	27983
4	24070
5	22881
6	21151
7	17579
8	14911
9	12040
10	10408
11	8826
12	6905
13	6129
14	5125
15	4297
16	3370
17	2915
18	2806
19	3010
20	2705
21	2509
22	2477
23	2288
24	2505
25	2348
26	2280
27	2334
28	2084
29	1751
30	1681
31	1447
32	1031
33	858
34	567
35	537
36	555
37	354
38	428
39	433
40	310
41	244
42	264
43	162
44	129
45	103
46	174
47	123
48	104
49	141
50	50
51	113
52	91
53	100
54	77
55	37
56	49
57	13
58	16
59	69
60	37
61	22
62	62
63	60
64	39
65	47
66	32
67	27
68	31
69	7
70	57
71	74
72	165
73	55
74	75
75	63
76	64
77	40
78	18
79	34
80	21
81	11
82	24
83	45
84	20
85	83
86	72
88	59
89	14
90	13
91	32
92	14
93	31
94	18
95	12
96	25
97	38
98	43
100	74
101	41
102	20
103	33
105	14
112	15
117	12
118	14
119	33
123	14
124	32
127	33
131	16
155	24
160	48
168	27
173	28
176	54
179	28
181	27
183	33
188	31
191	33
193	33
194	33
195	67
216	70
219	71
220	34
222	33
224	36
225	35
226	74
227	38
228	37
229	41
231	39
233	38
236	81
239	37
240	37
241	42
243	84
246	32
255	41
256	66
260	36
261	36
262	153
279	42
280	73
282	44
289	46
293	90
296	30
>10000	0
Local min: 18
Global peak: 19
findSingleCopyPeak -- KmerDistribution:
Kmer coverage histogram
cov	count
1	1126218
2	54934
3	24831
4	22314
5	20675
6	17028
7	13717
8	10692
9	9300
10	7330
11	6040
12	4777
13	3891
14	3306
15	2795
16	2859
17	2343
18	1951
19	2103
20	2058
21	2305
22	2000
23	2193
24	1726
25	1488
26	1338
27	1067
28	998
29	629
30	601
31	404
32	394
33	362
34	264
35	330
36	224
37	203
38	181
39	182
40	201
41	152
42	81
43	81
44	51
45	46
46	46
47	38
48	63
49	37
50	21
51	9
52	10
53	18
54	49
55	35
56	36
57	34
58	23
59	10
60	33
61	70
62	33
63	38
64	44
65	32
66	5
67	9
68	27
69	21
70	27
72	33
73	13
74	41
75	9
76	14
77	13
78	44
79	50
80	47
81	41
83	42
84	38
85	74
86	11
87	14
89	13
90	15
97	12
102	12
103	24
104	12
106	10
107	11
110	10
113	10
131	23
133	24
134	23
136	26
142	25
143	46
145	72
146	27
148	52
151	24
153	26
162	29
184	85
185	22
188	47
189	24
190	24
191	31
192	22
194	81
195	23
196	48
197	25
200	38
202	24
204	30
205	26
206	25
207	81
208	39
210	107
212	41
219	53
222	28
>10000	0
Local min: 15
Global peak: 16
findSingleCopyPeak -- KmerDistribution:
Kmer coverage histogram
cov	count
1	2326351
2	302004
3	95991
4	52809
5	41224
6	35717
7	34572
8	34738
9	35716
10	37327
11	36415
12	36344
13	34222
14	31777
15	28202
16	25628
17	23947
18	22050
19	20409
20	19658
21	19256
22	18642
23	18507
24	17806
25	16503
26	15768
27	15217
28	13627
29	12066
30	10832
31	9986
32	9802
33	8797
34	8408
35	7942
36	7252
37	7766
38	6670
39	6695
40	6734
41	6547
42	6349
43	6440
44	6455
45	6139
46	5922
47	6252
48	6209
49	6246
50	5823
51	5819
52	6166
53	6294
54	6190
55	6244
56	6208
57	6711
58	6357
59	6990
60	6636
61	6868
62	6106
63	6094
64	5804
65	5383
66	5044
67	5399
68	5403
69	4710
70	4627
71	3959
72	3856
73	4348
74	3704
75	3408
76	3398
77	3243
78	2741
79	2423
80	2387
81	2283
82	2359
83	2165
84	2096
85	1829
86	1775
87	1661
88	1657
89	1630
90	1076
91	1192
92	1300
93	999
94	1164
95	866
96	881
97	921
98	766
99	821
100	838
101	731
102	915
103	780
104	684
105	775
106	808
107	756
108	810
109	739
110	706
111	650
112	716
113	547
114	508
115	558
116	657
117	829
118	735
119	779
120	503
121	490
122	540
123	483
124	570
125	836
126	503
127	667
128	693
129	349
130	601
131	492
132	471
133	490
134	464
135	447
136	455
137	361
138	388
139	286
140	437
141	345
142	400
143	405
144	401
145	546
146	330
147	393
148	278
149	304
150	200
151	569
152	595
153	504
154	479
155	670
156	315
157	417
158	421
159	365
160	250
161	396
162	709
163	473
164	389
165	483
166	418
167	377
168	338
169	225
170	286
171	313
172	222
173	223
174	238
175	288
176	283
177	283
178	367
179	143
180	351
181	358
182	389
183	286
184	208
185	525
186	283
187	244
188	146
189	254
190	247
191	213
192	214
193	226
194	131
195	130
196	108
197	183
198	107
199	118
200	130
201	104
202	22
203	62
204	173
205	159
206	95
207	59
209	65
210	82
211	137
212	234
213	78
214	123
215	137
216	298
217	54
218	251
219	150
220	108
221	60
222	62
223	162
224	218
225	115
226	245
227	253
228	119
229	192
230	213
231	380
232	157
233	252
234	310
235	168
236	153
237	191
238	74
239	226
240	105
241	119
242	113
243	332
244	108
245	35
246	71
247	31
248	102
249	38
250	101
251	105
252	176
253	230
254	72
255	110
256	75
257	205
258	322
259	76
260	207
261	256
262	241
263	32
264	77
265	214
266	209
267	109
268	361
269	84
270	195
271	161
272	198
273	123
274	152
275	118
276	23
277	143
278	348
279	137
280	115
281	66
282	160
283	89
286	81
287	83
288	33
289	42
290	43
291	94
292	111
293	123
294	75
295	124
296	123
297	41
298	37
299	46
300	82
301	92
303	47
304	217
305	172
306	156
307	95
308	53
309	88
310	91
311	197
312	88
313	48
314	40
315	49
316	53
318	96
319	43
321	38
326	91
327	81
328	47
329	38
330	48
331	37
332	149
333	135
334	43
335	40
339	57
340	22
342	52
350	57
351	55
356	41
357	59
362	57
363	50
365	52
368	53
371	55
372	56
373	119
380	61
383	65
384	127
388	60
391	59
393	63
398	64
399	176
400	119
401	189
403	50
404	155
405	49
407	64
409	119
410	52
411	50
423	66
424	52
426	66
427	65
430	52
433	175
436	73
437	72
438	63
441	57
444	63
458	66
460	65
461	64
467	66
470	151
471	223
472	68
473	68
480	73
482	72
497	81
506	84
528	85
531	77
535	80
537	158
540	78
547	80
555	80
565	81
569	83
580	75
581	74
583	86
584	149
587	85
591	86
595	85
603	81
604	89
605	86
606	174
610	172
612	86
613	173
616	79
626	84
627	84
630	86
632	87
634	86
636	86
647	86
648	93
649	275
653	91
655	187
656	88
657	87
660	259
662	88
665	285
673	92
675	103
697	98
701	104
705	209
708	105
709	100
710	99
712	100
713	98
715	99
719	101
723	105
738	110
746	110
751	112
764	114
769	222
778	117
803	109
804	121
806	108
808	122
811	108
812	120
813	110
814	123
816	235
817	237
818	234
819	230
821	116
822	114
823	123
825	118
826	123
827	232
829	116
832	118
833	117
836	117
839	248
840	130
841	245
842	118
845	119
846	133
847	124
851	116
852	121
853	119
855	239
858	120
860	121
862	122
878	128
882	254
886	129
891	129
900	130
902	132
904	118
909	120
914	122
915	263
916	118
919	139
923	123
925	138
926	193
927	129
928	131
929	320
931	98
932	98
936	100
938	127
944	131
949	130
953	132
954	134
955	133
976	137
998	141
2071	284
2076	293
4137	852
>10000	0
Local min: 7
Global peak: 10
findSingleCopyPeak -- KmerDistribution:
Kmer coverage histogram
cov	count
1	2319610
2	267038
3	83992
4	47431
5	36974
6	33887
7	33355
8	34214
9	35419
10	35083
11	34113
12	32382
13	30254
14	25889
15	24147
16	23246
17	21024
18	20223
19	19329
20	18902
21	16570
22	16843
23	15807
24	14352
25	14132
26	12510
27	11166
28	9734
29	9258
30	8445
31	7820
32	7572
33	6878
34	6354
35	6000
36	5673
37	5522
38	5900
39	5605
40	5035
41	5810
42	5215
43	5144
44	4908
45	5094
46	4997
47	4893
48	5114
49	5299
50	5421
51	5400
52	5098
53	5434
54	5354
55	5419
56	5497
57	5304
58	5243
59	4423
60	4390
61	4529
62	4170
63	4161
64	4084
65	3523
66	3747
67	2671
68	2624
69	2573
70	2425
71	2298
72	2381
73	2300
74	1960
75	1865
76	1665
77	1696
78	1646
79	1564
80	1207
81	1405
82	1153
83	1046
84	761
85	1135
86	935
87	841
88	730
89	824
90	697
91	685
92	870
93	693
94	684
95	647
96	547
97	547
98	398
99	372
100	460
101	433
102	626
103	423
104	360
105	432
106	518
107	530
108	584
109	436
110	511
111	557
112	627
113	381
114	482
115	402
116	523
117	528
118	414
119	350
120	258
121	356
122	408
123	353
124	580
125	394
126	171
127	264
128	363
129	363
130	391
131	275
132	272
133	308
134	289
135	234
136	380
137	299
138	247
139	335
140	288
141	304
142	249
143	495
144	190
145	379
146	322
147	361
148	490
149	332
150	321
151	109
152	244
153	163
154	216
155	321
156	114
157	280
158	213
159	114
160	59
161	207
162	67
163	99
164	83
165	116
166	172
167	33
168	49
169	132
170	122
171	59
172	102
173	79
174	32
175	14
176	60
177	76
178	59
179	55
180	52
181	125
182	74
183	68
184	88
185	78
186	190
187	101
188	82
189	68
190	164
191	66
192	30
193	96
194	127
195	57
196	147
197	233
198	125
199	98
200	57
201	141
202	196
203	262
204	172
205	171
206	143
207	139
208	122
209	141
210	113
211	26
212	123
213	114
214	187
215	217
216	228
217	49
218	110
219	25
220	193
221	66
222	107
223	229
224	104
225	67
226	32
227	102
228	111
229	167
230	89
231	144
232	295
233	64
234	112
235	108
236	94
237	68
238	135
239	68
240	167
241	107
242	203
243	209
244	83
245	163
246	105
247	74
248	65
249	86
251	30
252	42
253	106
254	37
255	62
256	31
257	93
258	36
259	27
262	159
265	79
266	37
267	31
268	136
269	69
270	45
272	69
273	52
274	95
276	55
278	79
279	50
280	119
282	95
284	43
285	43
287	75
288	56
289	75
290	98
291	87
295	35
304	61
308	60
316	52
323	107
328	46
329	43
333	45
340	47
341	47
342	84
346	49
349	90
350	49
351	49
352	49
353	90
356	61
358	103
360	96
362	140
364	86
367	85
370	43
375	45
381	61
388	65
395	58
396	56
406	58
407	59
435	122
437	62
445	61
447	62
486	76
487	75
489	55
490	76
492	115
495	63
498	63
499	61
500	62
506	77
507	63
508	62
511	62
515	67
516	67
523	64
526	67
530	65
531	126
532	69
534	63
535	64
539	65
542	84
550	73
561	65
562	72
563	93
568	254
569	67
571	67
582	74
583	76
584	69
585	168
589	69
601	74
603	166
605	94
607	75
608	74
613	92
616	82
620	79
630	101
640	81
645	105
650	106
657	212
669	107
672	107
673	115
674	113
676	114
678	110
685	97
687	94
689	103
692	96
693	110
694	100
696	91
704	99
705	100
706	197
708	100
714	102
726	104
727	103
728	104
734	117
737	117
738	103
741	113
745	119
748	230
749	117
750	105
755	235
757	117
759	117
762	115
763	377
764	132
766	270
767	133
768	257
769	245
771	118
772	117
773	135
781	135
788	269
789	271
790	136
792	139
793	138
796	138
804	139
817	264
822	136
824	131
825	140
826	94
827	183
832	131
833	93
835	234
839	135
841	141
846	146
847	95
848	94
852	142
853	146
862	145
864	147
1155	191
1188	201
2982	189
3016	189
>10000	0
Local min: 7
Global peak: 9
findSingleCopyPeak -- KmerDistribution:
Kmer coverage histogram
cov	count
1	2276127
2	232326
3	68656
4	39646
5	32139
6	30892
7	31882
8	33792
9	33089
10	33201
11	30148
12	28773
13	25610
14	23763
15	21777
16	19048
17	18227
18	17507
19	15299
20	15058
21	14437
22	14879
23	13184
24	11820
25	10841
26	9194
27	8019
28	7333
29	6274
30	5641
31	6011
32	5997
33	5232
34	5543
35	5113
36	4964
37	4615
38	4833
39	4361
40	4134
41	4455
42	4373
43	4706
44	4663
45	4808
46	5213
47	4788
48	4858
49	4763
50	4937
51	4591
52	4366
53	4601
54	4465
55	4301
56	3742
57	3855
58	3277
59	2906
60	2698
61	2676
62	2700
63	2435
64	2192
65	1884
66	2160
67	1781
68	1560
69	1348
70	1446
71	1348
72	907
73	1157
74	986
75	743
76	953
77	868
78	801
79	795
80	631
81	760
82	643
83	627
84	440
85	435
86	278
87	285
88	427
89	296
90	347
91	311
92	280
93	392
94	309
95	313
96	390
97	444
98	351
99	354
100	416
101	330
102	349
103	348
104	368
105	355
106	247
107	232
108	355
109	359
110	402
111	255
112	544
113	469
114	240
115	211
116	289
117	278
118	295
119	298
120	210
121	145
122	148
123	178
124	224
125	220
126	159
127	160
128	152
129	202
130	230
131	191
132	188
133	68
134	216
135	137
136	174
137	170
138	118
139	238
140	60
141	110
142	66
143	49
144	51
145	43
146	36
147	60
148	47
149	38
150	35
151	12
153	15
154	28
155	23
156	88
157	25
158	37
159	41
160	25
161	106
162	49
163	103
164	49
165	51
167	51
168	59
169	52
170	50
171	46
172	106
173	140
174	82
175	83
176	120
177	25
178	273
179	209
180	215
181	233
182	187
183	115
184	173
185	212
186	186
187	105
188	78
189	27
190	123
191	32
192	70
193	89
194	60
195	73
196	36
197	89
198	185
199	68
200	132
202	130
203	32
204	104
205	68
206	100
207	189
208	99
209	134
211	67
212	93
213	103
214	62
215	98
216	72
217	41
218	134
219	28
220	98
221	101
222	68
223	157
224	99
225	106
226	105
227	70
228	97
229	38
231	93
232	54
235	31
238	40
239	36
240	39
241	35
245	40
246	37
248	77
249	74
251	151
252	38
253	117
254	81
255	110
258	45
265	38
266	74
267	77
268	116
269	39
272	39
277	42
284	44
287	40
294	49
295	42
296	42
297	134
298	85
303	41
310	41
325	43
326	43
330	45
365	104
378	58
379	57
412	58
415	58
416	58
420	60
422	61
430	57
432	57
435	62
436	57
437	65
438	58
442	65
444	66
445	60
446	66
447	121
448	71
449	66
451	128
452	71
453	60
454	65
455	136
456	68
460	69
461	136
463	71
467	135
470	82
479	84
481	70
483	82
485	74
486	74
488	84
491	74
508	76
509	84
510	78
514	78
518	84
522	163
525	81
526	161
534	82
544	89
546	89
549	89
551	83
588	88
610	95
613	100
616	92
617	176
619	287
620	101
621	98
622	92
623	90
624	191
628	93
629	104
631	189
634	93
635	102
637	98
638	101
639	99
641	103
642	107
644	97
647	207
648	105
654	204
667	94
669	189
681	99
683	99
687	100
694	107
696	102
703	103
705	102
707	198
708	96
709	99
710	399
713	104
716	108
719	101
720	100
721	216
724	219
725	107
727	108
729	222
730	110
736	212
737	99
738	115
739	341
746	116
747	109
751	116
753	115
756	228
758	105
768	108
2229	408
>10000	0
Local min: 6
Global peak: 8
findSingleCopyPeak -- KmerDistribution:
Kmer coverage histogram
cov	count
1	2182274
2	199984
3	59927
4	37190
5	31225
6	30868
7	31533
8	31819
9	29762
10	28839
11	26442
12	25641
13	23387
14	21076
15	19947
16	17804
17	16916
18	15125
19	14436
20	14152
21	13106
22	11611
23	10206
24	9296
25	8215
26	6788
27	6145
28	5603
29	5089
30	5185
31	5055
32	4191
33	4323
34	3899
35	3815
36	3883
37	3886
38	3827
39	3612
40	3819
41	4229
42	4223
43	4156
44	3934
45	4100
46	4518
47	4154
48	4275
49	3950
50	3680
51	3773
52	3729
53	3502
54	3210
55	2978
56	2810
57	2635
58	2254
59	2323
60	1916
61	1611
62	1830
63	1185
64	1151
65	1092
66	726
67	1011
68	972
69	775
70	689
71	542
72	585
73	683
74	518
75	815
76	738
77	550
78	496
79	434
80	419
81	387
82	369
83	279
84	314
85	383
86	191
87	333
88	209
89	353
90	217
91	258
92	287
93	274
94	269
95	178
96	225
97	271
98	312
99	289
100	180
101	250
102	209
103	157
104	167
105	152
106	271
107	139
108	164
109	117
110	74
111	92
112	28
113	101
114	122
115	195
116	132
117	211
118	124
119	86
120	120
121	110
122	60
123	114
124	83
125	60
126	74
127	46
128	41
129	20
130	47
131	20
133	31
134	20
135	39
136	85
138	37
139	19
141	72
142	26
143	41
144	50
145	62
146	74
147	83
148	41
149	22
150	14
151	85
152	76
153	45
154	34
155	36
156	74
157	43
158	87
159	96
160	165
161	93
162	86
163	182
164	113
165	16
166	78
167	32
168	82
169	35
170	88
171	84
172	74
173	47
174	53
175	47
176	41
177	32
178	54
179	157
180	110
181	88
182	74
183	25
184	82
186	152
187	24
188	172
189	71
190	80
191	144
194	21
195	36
196	44
198	99
199	108
200	84
201	73
202	100
203	23
204	63
205	191
206	72
207	62
208	54
209	84
211	36
212	32
217	25
218	25
224	36
226	76
227	109
230	107
231	34
234	69
235	78
236	107
237	37
239	38
240	39
241	40
243	43
248	44
249	44
251	45
252	80
253	134
254	93
257	88
267	34
271	32
278	31
283	31
285	31
300	32
306	37
326	44
343	50
349	44
351	45
355	45
356	46
362	45
363	45
366	44
367	43
370	44
371	45
372	43
373	45
375	43
379	46
385	43
389	45
392	47
394	56
395	56
396	92
398	88
400	44
404	112
413	49
414	50
415	50
416	98
418	47
419	47
420	46
421	47
422	47
426	104
432	53
435	109
437	55
441	56
446	113
449	54
469	61
472	62
474	59
486	55
488	77
489	60
491	77
496	78
503	79
509	67
524	80
530	84
545	78
553	81
554	85
563	77
565	243
566	169
567	166
569	159
570	261
571	78
572	94
575	78
576	94
577	94
578	158
579	79
581	78
583	81
585	78
588	158
590	89
592	82
602	84
622	80
632	90
634	90
638	99
647	99
648	101
655	94
658	195
659	198
660	99
661	97
662	401
664	102
665	199
666	299
667	100
668	98
670	198
671	199
673	100
678	97
1678	254
1710	260
>10000	0
Local min: 6
Global peak: 8
findSingleCopyPeak -- KmerDistribution:
Kmer coverage histogram
cov	count
1	2080266
2	172940
3	50078
4	34219
5	29425
6	29505
7	30389
8	29684
9	28059
10	26981
11	25282
12	22081
13	18653
14	17562
15	15391
16	14000
17	13490
18	13124
19	11879
20	10568
21	9133
22	7592
23	6790
24	5863
25	4767
26	4405
27	4848
28	4457
29	3956
30	3931
31	3466
32	3917
33	3334
34	3506
35	3382
36	3715
37	3394
38	3753
39	3770
40	3417
41	3929
42	3793
43	3919
44	3486
45	3885
46	3435
47	3043
48	2871
49	3018
50	2392
51	2542
52	2315
53	1909
54	1937
55	1571
56	1530
57	1240
58	853
59	803
60	864
61	830
62	862
63	752
64	663
65	558
66	721
67	593
68	446
69	542
70	418
71	410
72	547
73	351
74	241
75	213
76	263
77	261
78	240
79	217
80	184
81	282
82	188
83	261
84	292
85	203
86	147
87	99
88	63
89	144
90	189
91	250
92	195
93	74
94	110
95	125
96	91
97	99
98	85
99	144
100	74
101	184
102	79
103	131
104	117
105	227
106	72
107	159
108	60
109	73
110	29
112	62
113	50
114	96
115	16
116	35
117	70
118	52
119	15
120	39
121	68
122	21
123	46
124	74
125	37
126	64
127	46
128	45
129	24
130	26
131	23
132	57
133	20
134	22
135	44
136	39
137	68
138	90
139	21
140	24
141	159
142	115
143	51
144	41
145	91
146	28
147	47
148	96
149	93
150	112
151	48
152	117
153	51
154	109
155	87
156	43
157	54
158	139
159	18
160	155
161	115
162	222
163	56
164	80
165	76
167	60
170	29
172	27
173	41
175	28
176	69
177	84
178	21
179	28
180	51
181	23
182	27
183	108
184	137
185	52
186	52
187	29
189	86
190	158
191	84
192	25
193	150
195	69
196	31
197	33
201	34
207	35
208	33
209	35
211	35
212	34
214	22
215	36
217	23
219	75
220	25
221	24
222	63
223	36
224	38
227	28
232	28
233	29
235	39
236	60
237	67
238	67
239	60
241	91
246	29
247	23
250	30
286	37
288	41
304	42
318	56
326	48
328	57
330	104
332	42
333	42
334	51
336	43
337	47
338	52
339	93
343	45
344	92
353	45
355	47
357	49
359	46
360	46
361	46
375	131
378	63
379	67
380	67
381	106
385	199
388	48
389	67
399	68
402	69
405	68
410	52
443	58
444	59
453	59
470	56
472	175
474	56
475	80
479	59
480	58
484	79
486	58
492	81
497	80
498	79
502	247
504	66
505	86
506	166
508	86
510	86
511	84
514	67
519	85
520	156
521	86
523	88
524	87
525	89
527	88
529	169
530	89
532	93
533	94
573	115
576	119
577	117
579	120
582	114
586	119
591	84
595	119
599	88
601	74
602	84
605	76
608	84
610	87
611	86
612	85
613	87
615	88
618	88
619	82
620	81
622	80
626	81
1310	203
>10000	0
Local min: 5
Global peak: 7
findSingleCopyPeak -- KmerDistribution:
Kmer coverage histogram
cov	count
1	1953556
2	147023
3	44173
4	29964
5	27042
6	27695
7	28185
8	27981
9	26007
10	24401
11	20881
12	18200
13	15815
14	14380
15	13003
16	12673
17	11714
18	10091
19	8662
20	7985
21	6540
22	5772
23	4723
24	4914
25	4226
26	3684
27	3599
28	3211
29	2928
30	3168
31	3083
32	2943
33	3043
34	3088
35	3069
36	3145
37	2898
38	3298
39	3375
40	3223
41	3357
42	3027
43	2705
44	2562
45	2668
46	2529
47	2238
48	2017
49	1549
50	1447
51	1419
52	1108
53	1010
54	709
55	680
56	550
57	440
58	650
59	730
60	597
61	607
62	274
63	432
64	456
65	448
66	290
67	264
68	339
69	170
70	205
71	237
72	316
73	152
74	160
75	169
76	115
77	88
78	151
79	87
80	94
81	117
82	113
83	96
84	28
85	68
86	79
87	25
88	234
89	138
90	91
91	128
92	62
93	26
94	64
95	63
96	68
97	73
98	52
99	99
100	14
101	43
102	51
103	38
104	26
105	60
106	11
107	22
108	46
109	37
110	35
112	28
114	67
115	31
116	54
117	28
118	20
119	18
120	52
121	83
122	111
123	68
124	80
125	56
126	17
127	36
128	126
129	95
130	103
131	59
132	82
133	39
134	100
135	94
136	22
137	45
138	24
139	24
141	36
142	23
143	48
144	32
145	83
146	124
147	24
148	92
149	40
150	77
151	25
152	82
153	51
154	50
155	31
156	17
157	15
158	120
160	60
161	47
163	30
166	28
168	48
169	140
170	81
171	82
172	29
173	29
174	146
175	60
176	58
177	30
178	61
180	60
182	55
183	26
187	31
188	21
189	52
190	26
192	32
193	57
194	83
195	88
196	76
197	60
200	25
201	32
202	26
203	25
212	28
213	57
217	96
218	70
219	35
220	66
232	36
275	49
276	46
283	50
287	47
288	47
290	53
291	48
295	49
297	52
298	53
300	52
302	52
303	53
309	57
319	53
323	53
324	46
326	97
329	47
339	44
340	44
344	54
346	51
347	45
348	46
350	53
354	44
373	48
374	49
379	50
405	56
406	52
407	56
409	58
415	57
420	60
424	56
425	117
428	58
430	236
440	118
441	73
443	74
444	59
446	119
448	61
449	74
451	142
453	141
455	72
456	75
457	72
460	68
461	58
462	129
472	62
479	67
480	62
487	74
499	54
501	53
502	54
504	57
516	58
518	58
519	59
549	162
551	83
553	81
555	84
556	85
559	81
562	85
564	161
567	81
992	27
1020	29
>10000	0
Local min: 5
Global peak: 7
findSingleCopyPeak -- KmerDistribution:
Kmer coverage histogram
cov	count
1	1797630
2	123143
3	39902
4	29259
5	27991
6	28371
7	27593
8	25382
9	22309
10	20544
11	18143
12	15603
13	14114
14	12775
15	11582
16	10803
17	9364
18	7478
19	6102
20	5604
21	4784
22	4107
23	3845
24	3305
25	2765
26	2734
27	2841
28	2829
29	3156
30	2830
31	2979
32	3003
33	3166
34	2984
35	2938
36	2876
37	2738
38	2799
39	2802
40	2622
41	2170
42	1692
43	1730
44	1670
45	1323
46	1134
47	1032
48	806
49	890
50	825
51	752
52	548
53	576
54	606
55	536
56	414
57	556
58	392
59	316
60	162
61	168
62	203
63	202
64	169
65	201
66	189
67	173
68	207
69	131
70	106
71	148
72	61
73	109
74	100
75	26
76	106
77	85
78	74
79	133
80	177
81	149
82	106
83	77
84	81
85	69
86	47
88	38
89	104
90	73
91	64
92	30
93	19
94	25
96	33
97	47
98	30
99	54
100	30
101	15
103	55
104	64
105	48
106	35
107	74
108	79
109	40
110	35
111	53
112	49
113	38
114	91
115	55
116	61
117	124
118	56
119	75
120	91
121	45
122	20
124	89
125	67
126	39
127	28
128	74
129	101
130	116
131	24
132	80
133	57
134	29
135	73
136	80
137	23
138	103
139	16
140	40
142	67
143	24
144	28
146	46
147	68
148	47
149	60
150	20
151	26
152	32
154	32
156	68
158	63
159	16
160	66
161	139
162	68
163	67
164	32
165	69
166	28
167	27
168	71
169	46
170	39
171	71
172	29
173	82
174	42
175	40
178	19
182	20
191	24
239	44
242	42
245	92
248	45
249	47
251	91
259	94
263	50
272	48
286	51
289	52
290	52
298	103
299	101
308	48
310	54
312	53
317	52
324	48
327	42
328	44
336	46
339	46
354	48
358	56
365	111
366	105
368	55
370	58
373	56
375	49
377	108
397	109
398	107
401	99
402	108
403	54
406	101
407	211
408	109
409	54
410	54
411	103
412	56
414	54
427	107
434	112
438	170
439	229
441	115
443	113
494	136
502	67
505	68
506	69
516	71
765	21
>10000	0
Local min: 5
Global peak: 6
findSingleCopyPeak -- KmerDistribution:
Kmer coverage histogram
cov	count
1	1647497
2	103795
3	34987
4	26896
5	25598
6	26674
7	25838
8	22781
9	19431
10	17106
11	14358
12	12369
13	11225
14	9503
15	8322
16	6815
17	5827
18	4647
19	3906
20	3723
21	3163
22	3301
23	3031
24	2896
25	2911
26	3061
27	3170
28	3026
29	2757
30	2628
31	2646
32	2542
33	2701
34	2742
35	2500
36	2266
37	2109
38	1772
39	1638
40	1309
41	979
42	731
43	692
44	621
45	544
46	583
47	630
48	447
49	378
50	333
51	212
52	241
53	254
54	232
55	147
56	167
57	116
58	115
59	103
60	80
61	90
62	143
63	146
64	108
65	76
66	147
67	50
68	86
69	153
70	189
71	55
72	163
73	26
74	66
75	71
76	78
77	79
78	41
79	28
80	44
81	67
82	34
83	29
84	71
85	66
87	9
88	20
89	55
90	39
91	67
93	81
94	136
95	22
96	42
97	118
98	104
99	80
100	82
101	91
102	81
103	11
104	127
105	64
106	32
107	59
108	41
109	37
111	47
112	31
113	77
114	31
115	100
116	87
117	103
118	107
119	97
122	22
126	19
127	36
128	36
129	17
130	44
131	33
132	20
134	41
135	42
138	39
139	13
141	43
143	18
144	16
145	24
147	55
148	46
149	32
150	27
151	34
152	35
153	16
154	47
159	18
162	18
165	17
213	27
215	27
218	58
219	30
222	30
223	29
254	29
258	31
259	31
261	29
262	65
264	35
265	63
270	36
271	32
277	29
300	30
301	34
302	36
304	33
307	35
308	37
310	36
312	75
314	32
316	38
319	35
325	73
327	42
346	42
350	47
351	47
356	50
357	96
359	49
360	99
363	143
364	48
366	49
367	47
368	194
369	99
370	88
371	46
372	49
373	93
375	44
377	97
382	49
388	49
442	57
560	25
582	27
>10000	0
Local min: 5
Global peak: 6
findSingleCopyPeak -- KmerDistribution:
Kmer coverage histogram
cov	count
1	1485280
2	83519
3	30714
4	25183
5	24756
6	23515
7	21361
8	18869
9	15306
10	12636
11	11562
12	9710
13	8013
14	6992
15	5570
16	4652
17	4000
18	3076
19	3167
20	3082
21	3143
22	2974
23	2872
24	3021
25	2764
26	2517
27	2468
28	2451
29	2303
30	2422
31	2274
32	1941
33	2034
34	1900
35	1615
36	1345
37	891
38	688
39	634
40	564
41	596
42	541
43	375
44	535
45	408
46	301
47	228
48	175
49	186
50	183
51	65
52	86
53	103
54	99
55	76
56	133
57	134
58	70
59	131
60	28
61	82
62	20
63	40
64	26
65	76
66	60
67	94
68	56
69	56
70	53
71	99
72	17
73	50
74	18
75	32
76	3
77	31
78	48
79	14
80	50
81	23
82	28
83	72
84	64
85	62
86	68
87	82
88	53
89	100
90	35
91	61
92	72
93	82
94	42
96	71
97	18
98	62
99	39
101	34
102	32
103	36
104	63
106	68
107	37
108	107
109	40
110	48
111	20
112	18
114	13
116	18
117	45
119	74
120	14
121	15
125	24
127	24
129	48
130	10
131	36
132	10
134	10
136	25
139	54
140	14
141	27
144	14
145	29
148	14
190	31
193	30
194	31
195	32
212	35
218	36
220	36
223	38
226	36
227	41
228	153
230	42
233	39
248	31
251	33
260	35
261	42
262	35
263	78
265	82
266	39
267	72
269	31
272	40
274	32
277	37
282	41
292	38
298	42
306	25
307	26
310	61
311	67
315	27
316	78
319	45
320	112
321	29
323	85
324	41
327	86
329	90
334	48
335	48
337	48
412	97
>10000	0
Local min: 18
Global peak: 19
findSingleCopyPeak -- KmerDistribution:
Kmer coverage histogram
cov	count
1	1309621
2	69679
3	27545
4	23642
5	22208
6	20599
7	17768
8	14072
9	11761
10	9927
11	8120
12	6441
13	5750
14	4587
15	3878
16	3100
17	3010
18	2792
19	2820
20	2838
21	2629
22	2674
23	2368
24	2683
25	2399
26	2307
27	2223
28	2062
29	1639
30	1616
31	1435
32	987
33	845
34	529
35	471
36	523
37	367
38	360
39	406
40	334
41	256
42	239
43	156
44	160
45	103
46	211
47	124
48	102
49	147
50	45
51	112
52	87
53	94
54	67
55	46
56	30
57	17
58	14
59	59
60	32
61	25
62	47
63	40
64	21
65	23
66	32
67	25
68	16
69	5
70	34
71	59
72	91
73	38
74	51
75	48
76	36
77	24
78	26
79	33
80	21
81	16
82	22
83	55
84	28
85	81
86	73
88	68
89	17
90	12
91	37
92	17
93	32
94	20
95	18
96	30
97	58
98	46
100	73
101	36
102	17
103	32
105	13
112	23
117	18
118	18
119	45
123	21
124	38
127	39
131	20
155	20
160	37
168	20
173	17
176	39
179	20
181	20
183	22
188	24
191	23
193	23
194	24
195	47
216	49
219	48
220	23
222	23
224	30
225	25
226	49
227	23
228	26
229	23
231	21
233	38
236	61
239	39
240	31
241	23
243	44
246	44
255	26
256	92
260	48
261	47
262	161
279	38
280	53
282	30
289	33
293	61
296	22
>10000	0
Local min: 18
Global peak: 20
findSingleCopyPeak -- KmerDistribution:
Kmer coverage histogram
cov	count
1	1128733
2	53788
3	25026
4	21417
5	20425
6	17461
7	13794
8	10700
9	9003
10	7261
11	6062
12	5002
13	3937
14	3447
15	2741
16	2780
17	2411
18	2095
19	2248
20	2110
21	2154
22	1882
23	1973
24	1769
25	1537
26	1405
27	1121
28	972
29	634
30	622
31	409
32	399
33	335
34	231
35	355
36	223
37	179
38	175
39	187
40	153
41	156
42	79
43	73
44	67
45	49
46	45
47	43
48	65
49	44
50	33
51	19
52	36
53	39
54	69
55	41
56	31
57	44
58	19
59	9
60	37
61	81
62	40
63	33
64	38
65	35
66	12
67	7
68	22
69	14
70	25
72	30
73	25
74	51
75	14
76	15
77	14
78	39
79	49
80	43
81	39
83	44
84	40
85	94
86	15
87	14
89	15
90	15
97	12
102	14
103	28
104	13
106	13
107	13
110	13
113	13
131	26
133	27
134	26
136	27
142	32
143	56
145	87
146	25
148	69
151	28
153	24
162	25
184	98
185	24
188	48
189	22
190	23
191	29
192	25
194	84
195	22
196	54
197	28
200	37
202	26
204	31
205	27
206	26
207	74
208	38
210	99
212	39
219	50
222	30
>10000	0
Local min: 15
Global peak: 16
findSingleCopyPeak -- KmerDistribution:
Kmer coverage histogram
cov	count
1	941039
2	43302
3	21679
4	19375
5	16657
6	12600
7	9880
8	8021
9	6389
10	4903
11	3656
12	3178
13	2983
14	2773
15	2436
16	2172
17	2059
18	1982
19	1798
20	1759
21	1482
22	1139
23	1066
24	808
25	599
26	595
27	331
28	341
29	279
30	170
31	126
32	105
33	160
34	171
35	90
36	69
37	37
38	76
39	33
40	20
41	42
42	25
43	16
44	39
45	17
46	10
47	13
48	5
49	18
50	22
51	23
52	43
53	29
54	21
55	9
56	21
57	22
58	18
59	23
61	29
62	24
63	54
64	21
65	28
66	15
67	13
68	33
69	31
70	18
71	6
72	31
73	6
82	51
84	35
85	36
87	17
88	16
93	11
94	9
95	9
97	9
114	33
115	34
117	18
119	16
121	40
122	18
127	18
130	19
133	21
135	20
137	22
145	24
148	31
151	33
153	63
157	50
158	31
159	84
160	52
161	27
162	20
163	48
164	20
165	25
167	31
169	19
170	21
171	57
172	28
176	29
>10000	0
Local min: 27
Global peak: 28
findSingleCopyPeak -- KmerDistribution:
Kmer coverage histogram
cov	count
1	745181
2	34267
3	19646
4	16376
5	12402
6	9376
7	7214
8	5201
9	3864
10	2925
11	2616
12	2252
13	2046
14	1968
15	1825
16	1347
17	1219
18	964
19	930
20	554
21	470
22	310
23	310
24	212
25	148
26	148
27	128
28	124
29	86
30	50
31	23
32	17
33	52
34	13
35	8
36	23
37	34
38	37
39	21
40	16
41	31
42	8
43	6
44	21
45	52
46	18
47	37
48	22
49	6
50	14
51	7
52	39
54	67
56	7
57	21
59	13
61	13
63	12
64	38
65	31
67	18
69	13
70	17
73	18
80	19
86	19
91	20
93	19
94	15
96	28
97	45
103	31
108	19
109	16
110	16
111	17
114	16
115	16
117	39
118	58
120	20
122	22
123	43
125	20
126	39
127	61
128	47
129	19
>10000	0
Local min: 32
Global peak: 54
findSingleCopyPeak -- KmerDistribution:
Kmer coverage histogram
cov	count
1	556967
2	25326
3	14514
4	10381
5	7169
6	5089
7	3827
8	2717
9	2222
10	1877
11	1658
12	1266
13	957
14	716
15	599
16	424
17	354
18	172
19	117
20	76
21	71
22	32
23	52
24	15
25	16
26	29
27	16
28	20
29	8
30	20
31	32
32	13
33	8
34	26
35	7
36	22
37	4
38	23
39	5
40	20
42	28
43	24
44	7
45	14
49	25
50	14
51	19
52	11
55	11
56	16
61	13
64	13
66	24
69	14
70	13
71	38
75	13
76	15
77	8
79	7
81	45
83	33
84	11
85	37
86	10
87	27
89	13
91	14
94	14
>10000	0
Local min: 22
Global peak: 23
findSingleCopyPeak -- KmerDistribution:
Kmer coverage histogram
cov	count
1	358959
2	16016
3	8820
4	5570
5	3467
6	2250
7	1605
8	1290
9	905
10	664
11	437
12	287
13	177
14	105
15	64
16	57
17	40
18	15
19	13
20	4
21	5
22	3
23	10
24	2
25	6
26	10
27	19
28	13
29	4
30	5
33	16
34	19
35	7
36	8
40	34
41	9
43	10
44	18
45	8
47	8
48	21
49	22
52	26
53	12
54	9
55	17
56	21
57	9
59	9
>10000	0
Local min: 20
Global peak: 40
terminate called after throwing an instance of 'std::out_of_range'
  what():  basic_string::substr
Aborted (core dumped)
